<?xml version="1.0" encoding="UTF-8"?>
<!-- Generated by org.testng.reporters.JUnitXMLReporter -->
<testsuite ignored="0" hostname="DESKTOP-CA0O33E" failures="1" tests="1" name="TestCase" time="34.45" errors="0" timestamp="2025-06-10T00:55:54 GMT+07:00">
  <testcase classname="testcases.TestCase" name="TC05" time="12.78">
    <failure type="java.lang.AssertionError" message="Invalid username or password. Please try again expected [Invalid username or password. Please try again] but found [Login page]">
      <![CDATA[java.lang.AssertionError: Invalid username or password. Please try again expected [Invalid username or password. Please try again] but found [Login page]
at testcases.TestCase.TC05(TestCase.java:231)
at java.base/java.util.ArrayList.forEach(ArrayList.java:1597)
... Removed 30 stack frames]]>
    </failure>
  </testcase> <!-- TC05 -->
</testsuite> <!-- TestCase -->
