<?xml version="1.0" encoding="UTF-8"?>
<!-- Generated by org.testng.reporters.JUnitXMLReporter -->
<testsuite ignored="0" hostname="DESKTOP-CA0O33E" failures="0" tests="2" name="Surefire test" time="0.083" errors="0" timestamp="2025-06-02T22:47:16 GMT+07:00">
  <testcase classname="testcases.TestBase" name="@BeforeMethod openBrowser" time="-1.748879236209E9">
    <failure type="org.testng.TestNGException" message="
Parameter &amp;apos;browser&amp;apos; is required by BeforeMethod on method openBrowser but has not been marked @Optional or defined
">
      <![CDATA[org.testng.TestNGException: 
Parameter 'browser' is required by BeforeMethod on method openBrowser but has not been marked @Optional or defined

at java.base/java.util.ArrayList.forEach(ArrayList.java:1597)
... Removed 33 stack frames]]>
    </failure>
  </testcase> <!-- @BeforeMethod openBrowser -->
  <testcase classname="testcases.TestBase" name="@AfterMethod teardown" time="0.0">
    <skipped/>
  </testcase> <!-- @AfterMethod teardown -->
  <testcase classname="testcases.TestBase" name="@BeforeMethod openBrowser" time="0.0">
    <skipped/>
  </testcase> <!-- @BeforeMethod openBrowser -->
  <testcase classname="testcases.TestBase" name="@AfterMethod teardown" time="0.0">
    <skipped/>
  </testcase> <!-- @AfterMethod teardown -->
  <testcase classname="testcases.TestCase" name="FTTC02" time="0.0">
    <skipped/>
  </testcase> <!-- FTTC02 -->
  <testcase classname="testcases.TestCase" name="TC01" time="0.0">
    <skipped/>
  </testcase> <!-- TC01 -->
</testsuite> <!-- Surefire test -->
